<?xml version="1.0" encoding="UTF-8"?>
<testsuite name="crear clientes en web service servicio" tests="1" skipped="0" failures="0" errors="0" timestamp="2020-05-04T13:33:41" hostname="50HW016384" time="3.62">
  <properties/>
  <testcase name="login exitoso de un cliente" classname="crear clientes en web service servicio" time="3.62"/>
  <system-out><![CDATA[{
    "token": "QpwL5tke4Pnpja7X4"
}
{
    "token": "QpwL5tke4Pnpja7X4"
}
------------------> 200
]]></system-out>
  <system-err><![CDATA[]]></system-err>
</testsuite>
